# Logfile created on 2017-01-23 15:14:38 -0200 by logger.rb/56815
  INFO ---------------------------------------------------------------------------
  INFO START 2017-01-23 15:14:38 -0200 cap production setup:run
  INFO ---------------------------------------------------------------------------
  INFO [6ad1facf] Running ls -la as ubuntu@app1.server.garageborn.com
 DEBUG [6ad1facf] Command: ls -la
  INFO ---------------------------------------------------------------------------
  INFO START 2017-01-23 15:16:06 -0200 cap production setup:run
  INFO ---------------------------------------------------------------------------
  INFO [a053c3a2] Running ls -la as ubuntu@app01.server.garageborn.com
 DEBUG [a053c3a2] Command: ls -la
  INFO ---------------------------------------------------------------------------
  INFO START 2017-01-23 15:25:36 -0200 cap production setup:run
  INFO ---------------------------------------------------------------------------
  INFO [cc1ffdf0] Running ls -la as ubuntu@app01.server.garageborn.com
 DEBUG [cc1ffdf0] Command: ls -la
 DEBUG [cc1ffdf0] 	total 28
 DEBUG [cc1ffdf0] 	drwxr-xr-x 4 ubuntu ubuntu 4096 Jan 23 14:30 .
 DEBUG [cc1ffdf0] 	drwxr-xr-x 3 root   root   4096 Jan 23 14:17 ..
-rw-r--r-- 1 ubuntu ubuntu  220 Aug 31  2015 .bash_logout
 DEBUG [cc1ffdf0] 	-rw-r--r-- 1 ubuntu ubuntu 3771 Aug 31  2015 .bashrc
 DEBUG [cc1ffdf0] 	drwx------ 2 ubuntu ubuntu 4096 Jan 23 14:18 .cache
 DEBUG [cc1ffdf0] 	-rw-r--r-- 1 ubuntu ubuntu  655 Jun 24  2016 .profile
 DEBUG [cc1ffdf0] 	drwx------ 2 ubuntu ubuntu 4096 Jan 23 14:17 .ssh
 DEBUG [cc1ffdf0] 	
-rw-r--r-- 1 ubuntu ubuntu    0 Jan 23 14:30 .sudo_as_admin_successful
  INFO [cc1ffdf0] Finished in 1.930 seconds with exit status 0 (successful).
  INFO ---------------------------------------------------------------------------
  INFO START 2017-01-23 15:27:10 -0200 cap production setup:run
  INFO ---------------------------------------------------------------------------
 DEBUG Uploading /Users/alexandrebini/dev/garage-born/server/config/setup/create_user.sh 0.0%
  INFO Uploading /Users/alexandrebini/dev/garage-born/server/config/setup/create_user.sh 100.0%
  INFO [c692123e] Running sudo chmod +x /tmp/create_user.sh as ubuntu@app01.server.garageborn.com
 DEBUG [c692123e] Command: sudo chmod +x /tmp/create_user.sh
  INFO [c692123e] Finished in 1.960 seconds with exit status 0 (successful).
  INFO [9ef94aea] Running cd /tmp && sudo ./create_user.sh as ubuntu@app01.server.garageborn.com
 DEBUG [9ef94aea] Command: cd /tmp && sudo ./create_user.sh
 DEBUG [9ef94aea] 	# user
 DEBUG [9ef94aea] 	passwd: password expiry information changed.
  INFO [9ef94aea] Finished in 0.405 seconds with exit status 0 (successful).
  INFO ---------------------------------------------------------------------------
  INFO START 2017-01-23 15:30:35 -0200 cap production setup:run
  INFO ---------------------------------------------------------------------------
 DEBUG Uploading /Users/alexandrebini/dev/garage-born/server/config/setup/user_ssh.sh 0.0%
  INFO Uploading /Users/alexandrebini/dev/garage-born/server/config/setup/user_ssh.sh 100.0%
  INFO [55975754] Running sudo chmod +x /tmp/user_ssh.sh as ubuntu@app01.server.garageborn.com
 DEBUG [55975754] Command: sudo chmod +x /tmp/user_ssh.sh
  INFO [55975754] Finished in 1.921 seconds with exit status 0 (successful).
  INFO [39f4b507] Running cd /tmp && sudo ./user_ssh.sh as ubuntu@app01.server.garageborn.com
 DEBUG [39f4b507] Command: cd /tmp && sudo ./user_ssh.sh
 DEBUG [39f4b507] 	# user ssh
  INFO [39f4b507] Finished in 0.330 seconds with exit status 0 (successful).
  INFO ---------------------------------------------------------------------------
  INFO START 2017-01-23 15:36:23 -0200 cap production setup:run
  INFO ---------------------------------------------------------------------------
 DEBUG Uploading /Users/alexandrebini/dev/garage-born/server/config/setup/sshd.sh 0.0%
  INFO Uploading /Users/alexandrebini/dev/garage-born/server/config/setup/sshd.sh 100.0%
  INFO [1790cf31] Running sudo chmod +x /tmp/sshd.sh as ubuntu@app01.server.garageborn.com
 DEBUG [1790cf31] Command: sudo chmod +x /tmp/sshd.sh
  INFO [1790cf31] Finished in 1.921 seconds with exit status 0 (successful).
  INFO [593124fa] Running cd /tmp && sudo ./sshd.sh as ubuntu@app01.server.garageborn.com
 DEBUG [593124fa] Command: cd /tmp && sudo ./sshd.sh
 DEBUG [593124fa] 	# sshd
 DEBUG [593124fa] 	[....] Restarting ssh (via systemctl): ssh.service
 DEBUG [593124fa] 	[?25l
 DEBUG [593124fa] 	7
 DEBUG [593124fa] 	[1G
 DEBUG [593124fa] 	[[32m ok [39;49m
 DEBUG [593124fa] 	8
 DEBUG [593124fa] 	[?12l[?25h
 DEBUG [593124fa] 	.
  INFO [593124fa] Finished in 0.468 seconds with exit status 0 (successful).
  INFO ---------------------------------------------------------------------------
  INFO START 2017-01-23 15:36:34 -0200 cap production setup:run
  INFO ---------------------------------------------------------------------------
 DEBUG Uploading /Users/alexandrebini/dev/garage-born/server/config/setup/remove_default_user.sh 0.0%
  INFO Uploading /Users/alexandrebini/dev/garage-born/server/config/setup/remove_default_user.sh 100.0%
  INFO [37ad2d1d] Running chmod +x /tmp/remove_default_user.sh as garageborn@app01.server.garageborn.com
 DEBUG [37ad2d1d] Command: chmod +x /tmp/remove_default_user.sh
  INFO [37ad2d1d] Finished in 1.929 seconds with exit status 0 (successful).
  INFO [04f09815] Running cd /tmp &&  ./remove_default_user.sh as garageborn@app01.server.garageborn.com
 DEBUG [04f09815] Command: cd /tmp &&  ./remove_default_user.sh
 DEBUG [04f09815] 	# remove default user
 DEBUG [04f09815] 	userdel: user ubuntu is currently used by process 1372
  INFO ---------------------------------------------------------------------------
  INFO START 2017-01-23 15:38:10 -0200 cap production setup:run
  INFO ---------------------------------------------------------------------------
 DEBUG Uploading /Users/alexandrebini/dev/garage-born/server/config/setup/remove_default_user.sh 0.0%
  INFO Uploading /Users/alexandrebini/dev/garage-born/server/config/setup/remove_default_user.sh 100.0%
  INFO [68d04b7d] Running chmod +x /tmp/remove_default_user.sh as garageborn@app01.server.garageborn.com
 DEBUG [68d04b7d] Command: chmod +x /tmp/remove_default_user.sh
  INFO [68d04b7d] Finished in 1.924 seconds with exit status 0 (successful).
  INFO [0a4e86c3] Running cd /tmp &&  ./remove_default_user.sh as garageborn@app01.server.garageborn.com
 DEBUG [0a4e86c3] Command: cd /tmp &&  ./remove_default_user.sh
 DEBUG [0a4e86c3] 	# remove default user
 DEBUG [0a4e86c3] 	userdel: -Z requires SELinux enabled kernel
  INFO ---------------------------------------------------------------------------
  INFO START 2017-01-23 15:38:23 -0200 cap production setup:run
  INFO ---------------------------------------------------------------------------
 DEBUG Uploading /Users/alexandrebini/dev/garage-born/server/config/setup/remove_default_user.sh 0.0%
  INFO Uploading /Users/alexandrebini/dev/garage-born/server/config/setup/remove_default_user.sh 100.0%
  INFO [2447b8a9] Running chmod +x /tmp/remove_default_user.sh as garageborn@app01.server.garageborn.com
 DEBUG [2447b8a9] Command: chmod +x /tmp/remove_default_user.sh
  INFO [2447b8a9] Finished in 1.936 seconds with exit status 0 (successful).
  INFO [49610f66] Running cd /tmp &&  ./remove_default_user.sh as garageborn@app01.server.garageborn.com
 DEBUG [49610f66] Command: cd /tmp &&  ./remove_default_user.sh
 DEBUG [49610f66] 	# remove default user
 DEBUG [49610f66] 	userdel: ubuntu mail spool (/var/mail/ubuntu) not found
 DEBUG [49610f66] 	
  INFO [49610f66] Finished in 0.360 seconds with exit status 0 (successful).
